# Logfile created on 2012-03-26 20:33:02 -0400 by logger.rb/31641
1
1
2
3
CREATING
#<Vote id: nil, joke_id: 3, user_id: 2, yesno: true, created_at: nil, updated_at: nil>
SAVE OK
3
CREATING
#<Vote id: nil, joke_id: 2, user_id: 2, yesno: true, created_at: nil, updated_at: nil>
SAVE OK
2
4
CREATING
#<Vote id: nil, joke_id: 4, user_id: 1, yesno: false, created_at: nil, updated_at: nil>
SAVE OK
4
CREATING
#<Vote id: nil, joke_id: 3, user_id: 3, yesno: true, created_at: nil, updated_at: nil>
SAVE OK
3
CREATING
#<Vote id: nil, joke_id: 2, user_id: 3, yesno: true, created_at: nil, updated_at: nil>
SAVE OK
2
CREATING
#<Vote id: nil, joke_id: 4, user_id: 3, yesno: false, created_at: nil, updated_at: nil>
SAVE OK
4
UPDATING
#<Vote id: 4, joke_id: 3, user_id: 3, yesno: true, created_at: "2012-03-27 00:35:54", updated_at: "2012-03-27 00:35:54">
UPDATE OK
3
3
4
2
3
4
2
3
3
3
3
3
4
UPDATING
#<Vote id: 6, joke_id: 4, user_id: 3, yesno: false, created_at: "2012-03-27 00:36:04", updated_at: "2012-03-27 00:36:04">
UPDATE OK
4
4
4
3
3
4
4
4
3
3
4
2
2
UPDATING
#<Vote id: 5, joke_id: 2, user_id: 3, yesno: true, created_at: "2012-03-27 00:35:59", updated_at: "2012-03-27 00:35:59">
UPDATE OK
2
4
2
2
3
3
DELETING
DELETE OK
3
3
CREATING
#<Vote id: nil, joke_id: 3, user_id: 3, yesno: true, created_at: nil, updated_at: nil>
SAVE OK
3
2
UPDATING
#<Vote id: 6, joke_id: 4, user_id: 3, yesno: true, created_at: "2012-03-27 00:36:04", updated_at: "2012-03-27 00:37:08">
UPDATE OK
4
4
2
3
